\BOOKMARK [1][-]{section.1}{Introduction}{}% 1
\BOOKMARK [1][-]{section.2}{Background Information}{}% 2
\BOOKMARK [2][-]{subsection.2.1}{Schnapsen}{section.2}% 3
\BOOKMARK [2][-]{subsection.2.2}{Intelligent Systems Schnapsen Framework}{section.2}% 4
\BOOKMARK [2][-]{subsection.2.3}{Machine Learning Bots}{section.2}% 5
\BOOKMARK [1][-]{section.3}{Research Question}{}% 6
\BOOKMARK [1][-]{section.4}{Experimental setup}{}% 7
\BOOKMARK [2][-]{subsection.4.1}{The bots}{section.4}% 8
\BOOKMARK [2][-]{subsection.4.2}{The testing procedure}{section.4}% 9
\BOOKMARK [1][-]{section.5}{Results}{}% 10
\BOOKMARK [1][-]{section.6}{Findings}{}% 11
\BOOKMARK [1][-]{section.7}{Conclusion}{}% 12
\BOOKMARK [1][-]{section.8}{References}{}% 13
\BOOKMARK [1][-]{section.9}{Appendix}{}% 14
\BOOKMARK [2][-]{subsection.9.1}{Overview of machine-learning bots' feature spaces}{section.9}% 15
\BOOKMARK [2][-]{subsection.9.2}{ml\137stripped}{section.9}% 16
\BOOKMARK [2][-]{subsection.9.3}{ml\137enriched}{section.9}% 17
\BOOKMARK [2][-]{subsection.9.4}{ml\137advanced}{section.9}% 18
\BOOKMARK [2][-]{subsection.9.5}{ml\137combined}{section.9}% 19
\BOOKMARK [1][-]{section.10}{Worksheet I}{}% 20
\BOOKMARK [1][-]{section.11}{Worksheet II}{}% 21
\BOOKMARK [1][-]{section.12}{Worksheet III}{}% 22
